<?xml version="1.0" encoding="UTF-8"?>
<!-- Generated by org.testng.reporters.JUnitXMLReporter -->
<testsuite ignored="0" hostname="Kartik" failures="0" tests="3" name="hub spot sanity Test" time="20.13" errors="0" timestamp="29 Jan 2025 13:58:51 GMT">
  <testcase classname="com.qa.hubspot.tests.LoginPageTest" name="verifyLoginPageTitleTest" time="0.13"/>
  <testcase classname="com.qa.hubspot.tests.LoginPageTest" name="verifySignUpLinkTest" time="15.22"/>
  <testcase classname="com.qa.hubspot.tests.LoginPageTest" name="verifyLoginTest" time="1.208"/>
</testsuite> <!-- hub spot sanity Test -->
