<?xml version="1.0" encoding="UTF-8"?>
<testng-results ignored="0" total="3" passed="3" failed="0" skipped="0">
  <reporter-output>
    <line>
      <![CDATA[Test started--> verifyLoginPageTitleTest
]]>
    </line>
    <line>
      <![CDATA[login page title is: HubSpot Login and Sign in]]>
    </line>
    <line>
      <![CDATA[Test ended--> verifyLoginPageTitleTest]]>
    </line>
  </reporter-output>
  <suite started-at="2025-01-29T13:58:31Z" name="Hub Spot Sanity Test Suite" finished-at="2025-01-29T13:58:51Z" duration-ms="20130">
    <groups>
    </groups>
    <test started-at="2025-01-29T13:58:31Z" name="hub spot sanity Test" finished-at="2025-01-29T13:58:51Z" duration-ms="20130">
      <class name="com.qa.hubspot.tests.LoginPageTest">
        <test-method is-config="true" signature="setUp()[pri:0, instance:com.qa.hubspot.tests.LoginPageTest@30814f43]" started-at="2025-01-29T13:58:31Z" name="setUp" finished-at="2025-01-29T13:58:34Z" duration-ms="3044" status="PASS">
          <reporter-output>
          </reporter-output>
        </test-method> <!-- setUp -->
        <test-method signature="verifyLoginPageTitleTest()[pri:1, instance:com.qa.hubspot.tests.LoginPageTest@30814f43]" started-at="2025-01-29T13:58:34Z" name="verifyLoginPageTitleTest" finished-at="2025-01-29T13:58:34Z" duration-ms="130" status="PASS">
          <reporter-output>
            <line>
              <![CDATA[Test started--> verifyLoginPageTitleTest
]]>
            </line>
            <line>
              <![CDATA[login page title is: HubSpot Login and Sign in]]>
            </line>
            <line>
              <![CDATA[Test ended--> verifyLoginPageTitleTest]]>
            </line>
          </reporter-output>
        </test-method> <!-- verifyLoginPageTitleTest -->
        <test-method signature="verifySignUpLinkTest()[pri:2, instance:com.qa.hubspot.tests.LoginPageTest@30814f43]" started-at="2025-01-29T13:58:34Z" name="verifySignUpLinkTest" finished-at="2025-01-29T13:58:49Z" duration-ms="15220" status="PASS">
          <reporter-output>
          </reporter-output>
        </test-method> <!-- verifySignUpLinkTest -->
        <test-method signature="verifyLoginTest()[pri:3, instance:com.qa.hubspot.tests.LoginPageTest@30814f43]" started-at="2025-01-29T13:58:49Z" name="verifyLoginTest" finished-at="2025-01-29T13:58:50Z" duration-ms="1208" status="PASS">
          <reporter-output>
          </reporter-output>
        </test-method> <!-- verifyLoginTest -->
        <test-method is-config="true" signature="quitBrowser()[pri:0, instance:com.qa.hubspot.tests.LoginPageTest@30814f43]" started-at="2025-01-29T13:58:50Z" name="quitBrowser" finished-at="2025-01-29T13:58:51Z" duration-ms="338" status="PASS">
          <reporter-output>
          </reporter-output>
        </test-method> <!-- quitBrowser -->
      </class> <!-- com.qa.hubspot.tests.LoginPageTest -->
    </test> <!-- hub spot sanity Test -->
  </suite> <!-- Hub Spot Sanity Test Suite -->
</testng-results>
